[main be5acf7] auto
 2 files changed, 3 insertions(+)
 create mode 100644 crontab.log
 create mode 100644 run.sh
To https://github.com/pandalabme/whiteboard_ml.git
   d725a74..be5acf7  main -> main
[main 3984fd5] auto
 1 file changed, 6 insertions(+)
To https://github.com/pandalabme/whiteboard_ml.git
   be5acf7..3984fd5  main -> main
[main bed3dad] auto
 1 file changed, 4 insertions(+)
To https://github.com/pandalabme/whiteboard_ml.git
   3984fd5..bed3dad  main -> main
[main 6c6e61f] auto
 1 file changed, 4 insertions(+)
To https://github.com/pandalabme/whiteboard_ml.git
   bed3dad..6c6e61f  main -> main
[main 2115840] auto
 2 files changed, 300 insertions(+)
 create mode 100644 test.ipynb
To https://github.com/pandalabme/whiteboard_ml.git
   6c6e61f..2115840  main -> main
[main 6c78d89] auto
 4 files changed, 352 insertions(+), 1322 deletions(-)
 copy line_regression.ipynb => bk.ipynb (100%)
 rewrite line_regression.ipynb (99%)
 delete mode 100644 test.ipynb
To https://github.com/pandalabme/whiteboard_ml.git
   2115840..6c78d89  main -> main
[main fdd4ca5] auto
 2 files changed, 42 insertions(+), 107 deletions(-)
To https://github.com/pandalabme/whiteboard_ml.git
   6c78d89..fdd4ca5  main -> main
[main c3faf0b] auto
 2 files changed, 21 insertions(+), 15 deletions(-)
To https://github.com/pandalabme/whiteboard_ml.git
   fdd4ca5..c3faf0b  main -> main
